<?xml version="1.0" encoding="UTF-8"?>
<!-- Generated by org.testng.reporters.JUnitReportReporter -->
<testsuite skipped="0" hostname="HJNZL001775" name="com.opencart.testcases.IndexPageTest" tests="6" failures="0" timestamp="2021-11-14T15:15:02 IST" time="29.387" errors="0">
  <testcase name="LogoTest" time="4.529" classname="com.opencart.testcases.IndexPageTest"/>
  <system-out/>
  <testcase name="titleTest" time="6.388" classname="com.opencart.testcases.IndexPageTest"/>
  <system-out/>
  <testcase name="currencyDropDown" time="4.580" classname="com.opencart.testcases.IndexPageTest"/>
  <system-out/>
  <testcase name="doller" time="4.493" classname="com.opencart.testcases.IndexPageTest"/>
  <system-out/>
  <testcase name="dropDownLinkValidation" time="4.447" classname="com.opencart.testcases.IndexPageTest"/>
  <system-out/>
  <testcase name="loginPageNavigation" time="4.950" classname="com.opencart.testcases.IndexPageTest"/>
  <system-out/>
</testsuite> <!-- com.opencart.testcases.IndexPageTest -->
